<?xml version="1.0" encoding="UTF-8"?>
<testsuite xmlns:xsi="http://www.w3.org/2001/XMLSchema-instance" xsi:noNamespaceSchemaLocation="https://maven.apache.org/surefire/maven-surefire-plugin/xsd/surefire-test-report.xsd" name="nl.rvkit.MoneybirdTest" time="0.519" tests="1" errors="0" skipped="0" failures="0">
  <properties>
    <property name="java.specification.version" value="17"/>
    <property name="sun.jnu.encoding" value="UTF-8"/>
    <property name="java.class.path" value="/Users/rhett/Development/moneybird-api-client/target/test-classes:/Users/rhett/Development/moneybird-api-client/target/classes:/Users/rhett/.m2/repository/io/micronaut/micronaut-inject/3.3.4/micronaut-inject-3.3.4.jar:/Users/rhett/.m2/repository/org/slf4j/slf4j-api/1.7.29/slf4j-api-1.7.29.jar:/Users/rhett/.m2/repository/javax/annotation/javax.annotation-api/1.3.2/javax.annotation-api-1.3.2.jar:/Users/rhett/.m2/repository/jakarta/inject/jakarta.inject-api/2.0.1/jakarta.inject-api-2.0.1.jar:/Users/rhett/.m2/repository/io/micronaut/micronaut-core/3.3.4/micronaut-core-3.3.4.jar:/Users/rhett/.m2/repository/org/yaml/snakeyaml/1.30/snakeyaml-1.30.jar:/Users/rhett/.m2/repository/io/micronaut/micronaut-validation/3.3.4/micronaut-validation-3.3.4.jar:/Users/rhett/.m2/repository/io/micronaut/micronaut-core-reactive/3.3.4/micronaut-core-reactive-3.3.4.jar:/Users/rhett/.m2/repository/org/reactivestreams/reactive-streams/1.0.3/reactive-streams-1.0.3.jar:/Users/rhett/.m2/repository/javax/validation/validation-api/2.0.1.Final/validation-api-2.0.1.Final.jar:/Users/rhett/.m2/repository/io/projectreactor/reactor-core/3.4.14/reactor-core-3.4.14.jar:/Users/rhett/.m2/repository/org/junit/jupiter/junit-jupiter-api/5.7.2/junit-jupiter-api-5.7.2.jar:/Users/rhett/.m2/repository/org/apiguardian/apiguardian-api/1.1.0/apiguardian-api-1.1.0.jar:/Users/rhett/.m2/repository/org/opentest4j/opentest4j/1.2.0/opentest4j-1.2.0.jar:/Users/rhett/.m2/repository/org/junit/platform/junit-platform-commons/1.7.2/junit-platform-commons-1.7.2.jar:/Users/rhett/.m2/repository/org/junit/jupiter/junit-jupiter-engine/5.7.2/junit-jupiter-engine-5.7.2.jar:/Users/rhett/.m2/repository/org/junit/platform/junit-platform-engine/1.7.2/junit-platform-engine-1.7.2.jar:/Users/rhett/.m2/repository/io/micronaut/test/micronaut-test-junit5/3.0.5/micronaut-test-junit5-3.0.5.jar:/Users/rhett/.m2/repository/io/micronaut/test/micronaut-test-core/3.0.5/micronaut-test-core-3.0.5.jar:/Users/rhett/.m2/repository/io/micronaut/micronaut-http-client/3.3.4/micronaut-http-client-3.3.4.jar:/Users/rhett/.m2/repository/io/micronaut/micronaut-http-client-core/3.3.4/micronaut-http-client-core-3.3.4.jar:/Users/rhett/.m2/repository/io/micronaut/micronaut-websocket/3.3.4/micronaut-websocket-3.3.4.jar:/Users/rhett/.m2/repository/io/micronaut/micronaut-http-netty/3.3.4/micronaut-http-netty-3.3.4.jar:/Users/rhett/.m2/repository/io/micronaut/micronaut-buffer-netty/3.3.4/micronaut-buffer-netty-3.3.4.jar:/Users/rhett/.m2/repository/io/netty/netty-codec-http2/4.1.73.Final/netty-codec-http2-4.1.73.Final.jar:/Users/rhett/.m2/repository/io/netty/netty-handler/4.1.73.Final/netty-handler-4.1.73.Final.jar:/Users/rhett/.m2/repository/io/netty/netty-resolver/4.1.73.Final/netty-resolver-4.1.73.Final.jar:/Users/rhett/.m2/repository/io/netty/netty-tcnative-classes/2.0.46.Final/netty-tcnative-classes-2.0.46.Final.jar:/Users/rhett/.m2/repository/io/netty/netty-handler-proxy/4.1.73.Final/netty-handler-proxy-4.1.73.Final.jar:/Users/rhett/.m2/repository/io/netty/netty-common/4.1.73.Final/netty-common-4.1.73.Final.jar:/Users/rhett/.m2/repository/io/netty/netty-buffer/4.1.73.Final/netty-buffer-4.1.73.Final.jar:/Users/rhett/.m2/repository/io/netty/netty-transport/4.1.73.Final/netty-transport-4.1.73.Final.jar:/Users/rhett/.m2/repository/io/netty/netty-codec/4.1.73.Final/netty-codec-4.1.73.Final.jar:/Users/rhett/.m2/repository/io/netty/netty-codec-socks/4.1.73.Final/netty-codec-socks-4.1.73.Final.jar:/Users/rhett/.m2/repository/io/micronaut/micronaut-http-server-netty/3.3.4/micronaut-http-server-netty-3.3.4.jar:/Users/rhett/.m2/repository/io/micronaut/micronaut-http-server/3.3.4/micronaut-http-server-3.3.4.jar:/Users/rhett/.m2/repository/io/micronaut/micronaut-router/3.3.4/micronaut-router-3.3.4.jar:/Users/rhett/.m2/repository/io/netty/netty-codec-http/4.1.73.Final/netty-codec-http-4.1.73.Final.jar:/Users/rhett/.m2/repository/io/micronaut/micronaut-jackson-databind/3.3.4/micronaut-jackson-databind-3.3.4.jar:/Users/rhett/.m2/repository/io/micronaut/micronaut-jackson-core/3.3.4/micronaut-jackson-core-3.3.4.jar:/Users/rhett/.m2/repository/io/micronaut/micronaut-json-core/3.3.4/micronaut-json-core-3.3.4.jar:/Users/rhett/.m2/repository/com/fasterxml/jackson/core/jackson-core/2.12.6/jackson-core-2.12.6.jar:/Users/rhett/.m2/repository/com/fasterxml/jackson/core/jackson-annotations/2.12.6/jackson-annotations-2.12.6.jar:/Users/rhett/.m2/repository/com/fasterxml/jackson/core/jackson-databind/2.12.6/jackson-databind-2.12.6.jar:/Users/rhett/.m2/repository/com/fasterxml/jackson/datatype/jackson-datatype-jdk8/2.12.6/jackson-datatype-jdk8-2.12.6.jar:/Users/rhett/.m2/repository/com/fasterxml/jackson/datatype/jackson-datatype-jsr310/2.12.6/jackson-datatype-jsr310-2.12.6.jar:/Users/rhett/.m2/repository/io/micronaut/micronaut-runtime/3.3.4/micronaut-runtime-3.3.4.jar:/Users/rhett/.m2/repository/io/micronaut/micronaut-http/3.3.4/micronaut-http-3.3.4.jar:/Users/rhett/.m2/repository/io/micronaut/micronaut-aop/3.3.4/micronaut-aop-3.3.4.jar:/Users/rhett/.m2/repository/io/micronaut/micronaut-context/3.3.4/micronaut-context-3.3.4.jar:/Users/rhett/.m2/repository/io/micronaut/reactor/micronaut-reactor/2.1.1/micronaut-reactor-2.1.1.jar:/Users/rhett/.m2/repository/io/micronaut/reactor/micronaut-reactor-http-client/2.1.1/micronaut-reactor-http-client-2.1.1.jar:/Users/rhett/.m2/repository/jakarta/annotation/jakarta.annotation-api/2.0.0/jakarta.annotation-api-2.0.0.jar:/Users/rhett/.m2/repository/ch/qos/logback/logback-classic/1.2.10/logback-classic-1.2.10.jar:/Users/rhett/.m2/repository/ch/qos/logback/logback-core/1.2.10/logback-core-1.2.10.jar:/Users/rhett/.m2/repository/org/graalvm/sdk/graal-sdk/22.0.0.2/graal-sdk-22.0.0.2.jar:/Users/rhett/.m2/repository/org/graalvm/nativeimage/svm/22.0.0.2/svm-22.0.0.2.jar:/Users/rhett/.m2/repository/org/graalvm/nativeimage/objectfile/22.0.0.2/objectfile-22.0.0.2.jar:/Users/rhett/.m2/repository/org/graalvm/nativeimage/pointsto/22.0.0.2/pointsto-22.0.0.2.jar:/Users/rhett/.m2/repository/org/graalvm/compiler/compiler/22.0.0.2/compiler-22.0.0.2.jar:/Users/rhett/.m2/repository/org/graalvm/truffle/truffle-api/22.0.0.2/truffle-api-22.0.0.2.jar:/Users/rhett/.m2/repository/org/graalvm/nativeimage/native-image-base/22.0.0.2/native-image-base-22.0.0.2.jar:"/>
    <property name="java.vm.vendor" value="Eclipse Adoptium"/>
    <property name="sun.arch.data.model" value="64"/>
    <property name="java.vendor.url" value="https://adoptium.net/"/>
    <property name="os.name" value="Mac OS X"/>
    <property name="java.vm.specification.version" value="17"/>
    <property name="sun.java.launcher" value="SUN_STANDARD"/>
    <property name="user.country" value="NL"/>
    <property name="sun.boot.library.path" value="/Users/rhett/.sdkman/candidates/java/17.0.2-tem/lib"/>
    <property name="sun.java.command" value="/Users/rhett/Development/moneybird-api-client/target/surefire/surefirebooter12608924535296329090.jar /Users/rhett/Development/moneybird-api-client/target/surefire 2022-03-10T10-48-34_164-jvmRun1 surefire3349160756736126016tmp surefire_014841901805730545651tmp"/>
    <property name="jdk.debug" value="release"/>
    <property name="surefire.test.class.path" value="/Users/rhett/Development/moneybird-api-client/target/test-classes:/Users/rhett/Development/moneybird-api-client/target/classes:/Users/rhett/.m2/repository/io/micronaut/micronaut-inject/3.3.4/micronaut-inject-3.3.4.jar:/Users/rhett/.m2/repository/org/slf4j/slf4j-api/1.7.29/slf4j-api-1.7.29.jar:/Users/rhett/.m2/repository/javax/annotation/javax.annotation-api/1.3.2/javax.annotation-api-1.3.2.jar:/Users/rhett/.m2/repository/jakarta/inject/jakarta.inject-api/2.0.1/jakarta.inject-api-2.0.1.jar:/Users/rhett/.m2/repository/io/micronaut/micronaut-core/3.3.4/micronaut-core-3.3.4.jar:/Users/rhett/.m2/repository/org/yaml/snakeyaml/1.30/snakeyaml-1.30.jar:/Users/rhett/.m2/repository/io/micronaut/micronaut-validation/3.3.4/micronaut-validation-3.3.4.jar:/Users/rhett/.m2/repository/io/micronaut/micronaut-core-reactive/3.3.4/micronaut-core-reactive-3.3.4.jar:/Users/rhett/.m2/repository/org/reactivestreams/reactive-streams/1.0.3/reactive-streams-1.0.3.jar:/Users/rhett/.m2/repository/javax/validation/validation-api/2.0.1.Final/validation-api-2.0.1.Final.jar:/Users/rhett/.m2/repository/io/projectreactor/reactor-core/3.4.14/reactor-core-3.4.14.jar:/Users/rhett/.m2/repository/org/junit/jupiter/junit-jupiter-api/5.7.2/junit-jupiter-api-5.7.2.jar:/Users/rhett/.m2/repository/org/apiguardian/apiguardian-api/1.1.0/apiguardian-api-1.1.0.jar:/Users/rhett/.m2/repository/org/opentest4j/opentest4j/1.2.0/opentest4j-1.2.0.jar:/Users/rhett/.m2/repository/org/junit/platform/junit-platform-commons/1.7.2/junit-platform-commons-1.7.2.jar:/Users/rhett/.m2/repository/org/junit/jupiter/junit-jupiter-engine/5.7.2/junit-jupiter-engine-5.7.2.jar:/Users/rhett/.m2/repository/org/junit/platform/junit-platform-engine/1.7.2/junit-platform-engine-1.7.2.jar:/Users/rhett/.m2/repository/io/micronaut/test/micronaut-test-junit5/3.0.5/micronaut-test-junit5-3.0.5.jar:/Users/rhett/.m2/repository/io/micronaut/test/micronaut-test-core/3.0.5/micronaut-test-core-3.0.5.jar:/Users/rhett/.m2/repository/io/micronaut/micronaut-http-client/3.3.4/micronaut-http-client-3.3.4.jar:/Users/rhett/.m2/repository/io/micronaut/micronaut-http-client-core/3.3.4/micronaut-http-client-core-3.3.4.jar:/Users/rhett/.m2/repository/io/micronaut/micronaut-websocket/3.3.4/micronaut-websocket-3.3.4.jar:/Users/rhett/.m2/repository/io/micronaut/micronaut-http-netty/3.3.4/micronaut-http-netty-3.3.4.jar:/Users/rhett/.m2/repository/io/micronaut/micronaut-buffer-netty/3.3.4/micronaut-buffer-netty-3.3.4.jar:/Users/rhett/.m2/repository/io/netty/netty-codec-http2/4.1.73.Final/netty-codec-http2-4.1.73.Final.jar:/Users/rhett/.m2/repository/io/netty/netty-handler/4.1.73.Final/netty-handler-4.1.73.Final.jar:/Users/rhett/.m2/repository/io/netty/netty-resolver/4.1.73.Final/netty-resolver-4.1.73.Final.jar:/Users/rhett/.m2/repository/io/netty/netty-tcnative-classes/2.0.46.Final/netty-tcnative-classes-2.0.46.Final.jar:/Users/rhett/.m2/repository/io/netty/netty-handler-proxy/4.1.73.Final/netty-handler-proxy-4.1.73.Final.jar:/Users/rhett/.m2/repository/io/netty/netty-common/4.1.73.Final/netty-common-4.1.73.Final.jar:/Users/rhett/.m2/repository/io/netty/netty-buffer/4.1.73.Final/netty-buffer-4.1.73.Final.jar:/Users/rhett/.m2/repository/io/netty/netty-transport/4.1.73.Final/netty-transport-4.1.73.Final.jar:/Users/rhett/.m2/repository/io/netty/netty-codec/4.1.73.Final/netty-codec-4.1.73.Final.jar:/Users/rhett/.m2/repository/io/netty/netty-codec-socks/4.1.73.Final/netty-codec-socks-4.1.73.Final.jar:/Users/rhett/.m2/repository/io/micronaut/micronaut-http-server-netty/3.3.4/micronaut-http-server-netty-3.3.4.jar:/Users/rhett/.m2/repository/io/micronaut/micronaut-http-server/3.3.4/micronaut-http-server-3.3.4.jar:/Users/rhett/.m2/repository/io/micronaut/micronaut-router/3.3.4/micronaut-router-3.3.4.jar:/Users/rhett/.m2/repository/io/netty/netty-codec-http/4.1.73.Final/netty-codec-http-4.1.73.Final.jar:/Users/rhett/.m2/repository/io/micronaut/micronaut-jackson-databind/3.3.4/micronaut-jackson-databind-3.3.4.jar:/Users/rhett/.m2/repository/io/micronaut/micronaut-jackson-core/3.3.4/micronaut-jackson-core-3.3.4.jar:/Users/rhett/.m2/repository/io/micronaut/micronaut-json-core/3.3.4/micronaut-json-core-3.3.4.jar:/Users/rhett/.m2/repository/com/fasterxml/jackson/core/jackson-core/2.12.6/jackson-core-2.12.6.jar:/Users/rhett/.m2/repository/com/fasterxml/jackson/core/jackson-annotations/2.12.6/jackson-annotations-2.12.6.jar:/Users/rhett/.m2/repository/com/fasterxml/jackson/core/jackson-databind/2.12.6/jackson-databind-2.12.6.jar:/Users/rhett/.m2/repository/com/fasterxml/jackson/datatype/jackson-datatype-jdk8/2.12.6/jackson-datatype-jdk8-2.12.6.jar:/Users/rhett/.m2/repository/com/fasterxml/jackson/datatype/jackson-datatype-jsr310/2.12.6/jackson-datatype-jsr310-2.12.6.jar:/Users/rhett/.m2/repository/io/micronaut/micronaut-runtime/3.3.4/micronaut-runtime-3.3.4.jar:/Users/rhett/.m2/repository/io/micronaut/micronaut-http/3.3.4/micronaut-http-3.3.4.jar:/Users/rhett/.m2/repository/io/micronaut/micronaut-aop/3.3.4/micronaut-aop-3.3.4.jar:/Users/rhett/.m2/repository/io/micronaut/micronaut-context/3.3.4/micronaut-context-3.3.4.jar:/Users/rhett/.m2/repository/io/micronaut/reactor/micronaut-reactor/2.1.1/micronaut-reactor-2.1.1.jar:/Users/rhett/.m2/repository/io/micronaut/reactor/micronaut-reactor-http-client/2.1.1/micronaut-reactor-http-client-2.1.1.jar:/Users/rhett/.m2/repository/jakarta/annotation/jakarta.annotation-api/2.0.0/jakarta.annotation-api-2.0.0.jar:/Users/rhett/.m2/repository/ch/qos/logback/logback-classic/1.2.10/logback-classic-1.2.10.jar:/Users/rhett/.m2/repository/ch/qos/logback/logback-core/1.2.10/logback-core-1.2.10.jar:/Users/rhett/.m2/repository/org/graalvm/sdk/graal-sdk/22.0.0.2/graal-sdk-22.0.0.2.jar:/Users/rhett/.m2/repository/org/graalvm/nativeimage/svm/22.0.0.2/svm-22.0.0.2.jar:/Users/rhett/.m2/repository/org/graalvm/nativeimage/objectfile/22.0.0.2/objectfile-22.0.0.2.jar:/Users/rhett/.m2/repository/org/graalvm/nativeimage/pointsto/22.0.0.2/pointsto-22.0.0.2.jar:/Users/rhett/.m2/repository/org/graalvm/compiler/compiler/22.0.0.2/compiler-22.0.0.2.jar:/Users/rhett/.m2/repository/org/graalvm/truffle/truffle-api/22.0.0.2/truffle-api-22.0.0.2.jar:/Users/rhett/.m2/repository/org/graalvm/nativeimage/native-image-base/22.0.0.2/native-image-base-22.0.0.2.jar:"/>
    <property name="sun.cpu.endian" value="little"/>
    <property name="user.home" value="/Users/rhett"/>
    <property name="user.language" value="nl"/>
    <property name="java.specification.vendor" value="Oracle Corporation"/>
    <property name="java.version.date" value="2022-01-18"/>
    <property name="java.home" value="/Users/rhett/.sdkman/candidates/java/17.0.2-tem"/>
    <property name="file.separator" value="/"/>
    <property name="basedir" value="/Users/rhett/Development/moneybird-api-client"/>
    <property name="java.vm.compressedOopsMode" value="Zero based"/>
    <property name="line.separator" value="&#10;"/>
    <property name="java.vm.specification.vendor" value="Oracle Corporation"/>
    <property name="java.specification.name" value="Java Platform API Specification"/>
    <property name="surefire.real.class.path" value="/Users/rhett/Development/moneybird-api-client/target/surefire/surefirebooter12608924535296329090.jar"/>
    <property name="sun.management.compiler" value="HotSpot 64-Bit Tiered Compilers"/>
    <property name="java.runtime.version" value="17.0.2+8"/>
    <property name="user.name" value="rhett"/>
    <property name="path.separator" value=":"/>
    <property name="os.version" value="12.2.1"/>
    <property name="java.runtime.name" value="OpenJDK Runtime Environment"/>
    <property name="file.encoding" value="UTF-8"/>
    <property name="java.vm.name" value="OpenJDK 64-Bit Server VM"/>
    <property name="java.vendor.version" value="Temurin-17.0.2+8"/>
    <property name="localRepository" value="/Users/rhett/.m2/repository"/>
    <property name="java.vendor.url.bug" value="https://github.com/adoptium/adoptium-support/issues"/>
    <property name="java.io.tmpdir" value="/var/folders/gr/q7vqpy71725b9ygph9bnr6900000gn/T/"/>
    <property name="idea.version" value="2021.3.2"/>
    <property name="java.version" value="17.0.2"/>
    <property name="user.dir" value="/Users/rhett/Development/moneybird-api-client"/>
    <property name="os.arch" value="aarch64"/>
    <property name="java.vm.specification.name" value="Java Virtual Machine Specification"/>
    <property name="native.encoding" value="UTF-8"/>
    <property name="java.library.path" value="/Users/rhett/Library/Java/Extensions:/Library/Java/Extensions:/Network/Library/Java/Extensions:/System/Library/Java/Extensions:/usr/lib/java:."/>
    <property name="java.vm.info" value="mixed mode"/>
    <property name="java.vendor" value="Eclipse Adoptium"/>
    <property name="java.vm.version" value="17.0.2+8"/>
    <property name="sun.io.unicode.encoding" value="UnicodeBig"/>
    <property name="java.class.version" value="61.0"/>
  </properties>
  <testcase name="testItWorks" classname="nl.rvkit.MoneybirdTest" time="0.007"/>
</testsuite>